<?xml version="1.0" encoding="UTF-8"?>
<testsuite name="org.gradle.MatiereTest" tests="1" skipped="0" failures="0" errors="0" timestamp="2015-01-09T15:18:32" hostname="r30111" time="0.002">
  <properties/>
  <testcase name="canConstructAMatiereWithAName" classname="org.gradle.MatiereTest" time="0.002"/>
  <system-out><![CDATA[]]></system-out>
  <system-err><![CDATA[]]></system-err>
</testsuite>
